<?xml version="1.0" encoding="UTF-8"?>
<!-- Generated by org.testng.reporters.JUnitXMLReporter -->
<testsuite ignored="0" hostname="DESKTOP-CST3LUL" failures="1" tests="13" name="EdgeTest" time="59.986" errors="0" timestamp="2024-12-21T11:34:56 IST">
  <testcase classname="testClasses.ManageUsersPageTestClass" name="verifyTheManageUsersPageIsOpenWhileClickingOnUsers" time="5.494"/>
  <testcase classname="testClasses.ManageUsersPageTestClass" name="verifyToAdd_aNewUser" time="0.0">
    <skipped/>
  </testcase> <!-- verifyToAdd_aNewUser -->
  <testcase classname="testClasses.HomePageTestClass" name="verifyAllTilesDisplayedOnHomePage" time="3.953"/>
  <testcase classname="testClasses.HomePageTestClass" name="verifySuccessfulSignOut" time="0.0">
    <skipped/>
  </testcase> <!-- verifySuccessfulSignOut -->
  <testcase classname="testClasses.HomePageTestClass" name="verifyTheTooltip_Calculator_isShowingWhileHoveringTheMouseOnCalculator" time="0.0">
    <skipped/>
  </testcase> <!-- verifyTheTooltip_Calculator_isShowingWhileHoveringTheMouseOnCalculator -->
  <testcase classname="testClasses.LoginPageTestClass" name="verifyTheExactURL_OpensWhileHittingTheBaseURL" time="0.046"/>
  <testcase classname="testClasses.LoginPageTestClass" name="verifyTheRememberMeCheckboxIsSelectedByDefault" time="0.001">
    <skipped/>
  </testcase> <!-- verifyTheRememberMeCheckboxIsSelectedByDefault -->
  <testcase classname="testClasses.LoginPageTestClass" name="verifyUnsuccessfulLoginOfTheSite" time="0.0">
    <failure type="java.lang.RuntimeException" message="java.lang.IllegalStateException: Cannot get a STRING value from a NUMERIC cell">
      <![CDATA[java.lang.RuntimeException: java.lang.IllegalStateException: Cannot get a STRING value from a NUMERIC cell
at java.base/java.util.ArrayList.forEach(ArrayList.java:1596)
Caused by: java.lang.IllegalStateException: Cannot get a STRING value from a NUMERIC cell
at org.apache.poi.xssf.usermodel.XSSFCell.typeMismatch(XSSFCell.java:984)
at org.apache.poi.xssf.usermodel.XSSFCell.getRichStringCellValue(XSSFCell.java:311)
at org.apache.poi.xssf.usermodel.XSSFCell.getStringCellValue(XSSFCell.java:280)
at utilityClasses.ExcelReadClass.getStringdata(ExcelReadClass.java:24)
at testClasses.LoginPageTestUnsuccessfullData.dp1(LoginPageTestUnsuccessfullData.java:18)
... 25 more
... Removed 30 stack frames]]>
    </failure>
  </testcase> <!-- verifyUnsuccessfulLoginOfTheSite -->
  <testcase classname="testClasses.LoginPageTestClass" name="verifySuccessfullLogin" time="0.001">
    <skipped/>
  </testcase> <!-- verifySuccessfullLogin -->
  <testcase classname="testClasses.LoginPageTestClass" name="verifyResetPasswordPageComingWhileChickingOnForgotYourPassword" time="0.0">
    <skipped/>
  </testcase> <!-- verifyResetPasswordPageComingWhileChickingOnForgotYourPassword -->
  <testcase classname="testClasses.ProductsPageTestClass" name="verifyProductsPageIsOpenWhileClickingOnListProducts" time="5.78"/>
  <testcase classname="testClasses.ProductsPageTestClass" name="verifyToCreateA_newProduct" time="0.001">
    <skipped/>
  </testcase> <!-- verifyToCreateA_newProduct -->
  <testcase classname="testClasses.ProductsPageTestClass" name="verifyToDeleteAddedProduct" time="0.001">
    <skipped/>
  </testcase> <!-- verifyToDeleteAddedProduct -->
</testsuite> <!-- EdgeTest -->
