<?xml version="1.0" encoding="UTF-8"?>
<!-- Generated by org.testng.reporters.JUnitXMLReporter -->
<testsuite ignored="8" hostname="DESKTOP-CST3LUL" failures="0" tests="5" name="Test" time="78.405" errors="0" timestamp="2024-12-26T19:18:01 IST">
  <testcase classname="testClasses.ManageUsersPageTestClass" name="verifyToAdd_aNewUser" time="12.151"/>
  <testcase classname="testClasses.HomePageTestClass" name="verifySuccessfulSignOut" time="5.296"/>
  <testcase classname="testClasses.ProductsPageTestClass" name="verifyToCreateA_newProduct" time="12.832"/>
  <testcase classname="testClasses.ProductsPageTestClass" name="verifyToDeleteAddedProduct" time="8.693"/>
  <testcase classname="testClasses.LoginPageTestClass" name="verifySuccessfullLogin" time="8.388"/>
  <testcase classname="testClasses.LoginPageTestClass" name="verifyUnsuccessfulLoginOfTheSite" time="0.0">
    <ignored/>
  </testcase> <!-- verifyUnsuccessfulLoginOfTheSite -->
  <testcase classname="testClasses.ProductsPageTestClass" name="verifyProductsPageIsOpenWhileClickingOnListProducts" time="0.0">
    <ignored/>
  </testcase> <!-- verifyProductsPageIsOpenWhileClickingOnListProducts -->
  <testcase classname="testClasses.HomePageTestClass" name="verifyTheTooltip_Calculator_isShowingWhileHoveringTheMouseOnCalculator" time="0.0">
    <ignored/>
  </testcase> <!-- verifyTheTooltip_Calculator_isShowingWhileHoveringTheMouseOnCalculator -->
  <testcase classname="testClasses.LoginPageTestClass" name="verifyResetPasswordPageComingWhileChickingOnForgotYourPassword" time="0.0">
    <ignored/>
  </testcase> <!-- verifyResetPasswordPageComingWhileChickingOnForgotYourPassword -->
  <testcase classname="testClasses.HomePageTestClass" name="verifyAllTilesDisplayedOnHomePage" time="0.0">
    <ignored/>
  </testcase> <!-- verifyAllTilesDisplayedOnHomePage -->
  <testcase classname="testClasses.LoginPageTestClass" name="verifyTheExactURL_OpensWhileHittingTheBaseURL" time="0.0">
    <ignored/>
  </testcase> <!-- verifyTheExactURL_OpensWhileHittingTheBaseURL -->
  <testcase classname="testClasses.ManageUsersPageTestClass" name="verifyTheManageUsersPageIsOpenWhileClickingOnUsers" time="0.0">
    <ignored/>
  </testcase> <!-- verifyTheManageUsersPageIsOpenWhileClickingOnUsers -->
  <testcase classname="testClasses.LoginPageTestClass" name="verifyTheRememberMeCheckboxIsSelectedByDefault" time="0.0">
    <ignored/>
  </testcase> <!-- verifyTheRememberMeCheckboxIsSelectedByDefault -->
</testsuite> <!-- Test -->
