<?xml version="1.0" encoding="UTF-8"?>
<testng-results ignored="0" total="5" passed="5" failed="0" skipped="0">
  <reporter-output>
  </reporter-output>
  <suite started-at="2024-12-26T19:16:42 IST" name="Suite" finished-at="2024-12-26T19:18:00 IST" duration-ms="78405">
    <groups>
      <group name="functional">
        <method signature="HomePageTestClass.verifySuccessfulSignOut()[pri:0, instance:testClasses.HomePageTestClass@39d76cb5]" name="verifySuccessfulSignOut" class="testClasses.HomePageTestClass"/>
        <method signature="ManageUsersPageTestClass.verifyToAdd_aNewUser()[pri:0, instance:testClasses.ManageUsersPageTestClass@5e21e98f]" name="verifyToAdd_aNewUser" class="testClasses.ManageUsersPageTestClass"/>
        <method signature="ProductsPageTestClass.verifyToCreateA_newProduct()[pri:0, instance:testClasses.ProductsPageTestClass@4a00d9cf]" name="verifyToCreateA_newProduct" class="testClasses.ProductsPageTestClass"/>
        <method signature="ProductsPageTestClass.verifyToDeleteAddedProduct()[pri:0, instance:testClasses.ProductsPageTestClass@4a00d9cf]" name="verifyToDeleteAddedProduct" class="testClasses.ProductsPageTestClass"/>
        <method signature="LoginPageTestClass.verifySuccessfullLogin()[pri:4, instance:testClasses.LoginPageTestClass@6736fa8d]" name="verifySuccessfullLogin" class="testClasses.LoginPageTestClass"/>
      </group> <!-- functional -->
    </groups>
    <test started-at="2024-12-26T19:16:42 IST" name="Test" finished-at="2024-12-26T19:18:00 IST" duration-ms="78405">
      <class name="testClasses.ProductsPageTestClass">
        <test-method is-config="true" signature="beforeMethod()[pri:0, instance:testClasses.ProductsPageTestClass@4a00d9cf]" started-at="2024-12-26T19:17:16 IST" name="beforeMethod" finished-at="2024-12-26T19:17:20 IST" duration-ms="4426" status="PASS">
          <reporter-output>
          </reporter-output>
        </test-method> <!-- beforeMethod -->
        <test-method signature="verifyToCreateA_newProduct()[pri:0, instance:testClasses.ProductsPageTestClass@4a00d9cf]" started-at="2024-12-26T19:17:20 IST" name="verifyToCreateA_newProduct" finished-at="2024-12-26T19:17:33 IST" duration-ms="12832" status="PASS">
          <reporter-output>
          </reporter-output>
        </test-method> <!-- verifyToCreateA_newProduct -->
        <test-method is-config="true" signature="afterMethod()[pri:0, instance:testClasses.ProductsPageTestClass@4a00d9cf]" started-at="2024-12-26T19:17:33 IST" name="afterMethod" finished-at="2024-12-26T19:17:33 IST" duration-ms="361" status="PASS">
          <reporter-output>
          </reporter-output>
        </test-method> <!-- afterMethod -->
        <test-method is-config="true" signature="beforeMethod()[pri:0, instance:testClasses.ProductsPageTestClass@4a00d9cf]" started-at="2024-12-26T19:17:33 IST" name="beforeMethod" finished-at="2024-12-26T19:17:37 IST" duration-ms="4093" status="PASS">
          <reporter-output>
          </reporter-output>
        </test-method> <!-- beforeMethod -->
        <test-method signature="verifyToDeleteAddedProduct()[pri:0, instance:testClasses.ProductsPageTestClass@4a00d9cf]" started-at="2024-12-26T19:17:37 IST" name="verifyToDeleteAddedProduct" finished-at="2024-12-26T19:17:46 IST" duration-ms="8693" status="PASS">
          <reporter-output>
          </reporter-output>
        </test-method> <!-- verifyToDeleteAddedProduct -->
        <test-method is-config="true" signature="afterMethod()[pri:0, instance:testClasses.ProductsPageTestClass@4a00d9cf]" started-at="2024-12-26T19:17:46 IST" name="afterMethod" finished-at="2024-12-26T19:17:46 IST" duration-ms="468" status="PASS">
          <reporter-output>
          </reporter-output>
        </test-method> <!-- afterMethod -->
      </class> <!-- testClasses.ProductsPageTestClass -->
      <class name="testClasses.HomePageTestClass">
        <test-method is-config="true" signature="beforeMethod()[pri:0, instance:testClasses.HomePageTestClass@39d76cb5]" started-at="2024-12-26T19:17:06 IST" name="beforeMethod" finished-at="2024-12-26T19:17:10 IST" duration-ms="4371" status="PASS">
          <reporter-output>
          </reporter-output>
        </test-method> <!-- beforeMethod -->
        <test-method signature="verifySuccessfulSignOut()[pri:0, instance:testClasses.HomePageTestClass@39d76cb5]" started-at="2024-12-26T19:17:10 IST" name="verifySuccessfulSignOut" finished-at="2024-12-26T19:17:15 IST" duration-ms="5296" status="PASS">
          <reporter-output>
          </reporter-output>
        </test-method> <!-- verifySuccessfulSignOut -->
        <test-method is-config="true" signature="afterMethod()[pri:0, instance:testClasses.HomePageTestClass@39d76cb5]" started-at="2024-12-26T19:17:15 IST" name="afterMethod" finished-at="2024-12-26T19:17:16 IST" duration-ms="389" status="PASS">
          <reporter-output>
          </reporter-output>
        </test-method> <!-- afterMethod -->
      </class> <!-- testClasses.HomePageTestClass -->
      <class name="testClasses.LoginPageTestClass">
        <test-method is-config="true" signature="beforeMethod()[pri:0, instance:testClasses.LoginPageTestClass@6736fa8d]" started-at="2024-12-26T19:17:46 IST" name="beforeMethod" finished-at="2024-12-26T19:17:51 IST" duration-ms="4705" status="PASS">
          <reporter-output>
          </reporter-output>
        </test-method> <!-- beforeMethod -->
        <test-method signature="verifySuccessfullLogin()[pri:4, instance:testClasses.LoginPageTestClass@6736fa8d]" started-at="2024-12-26T19:17:51 IST" name="verifySuccessfullLogin" finished-at="2024-12-26T19:18:00 IST" duration-ms="8388" status="PASS">
          <reporter-output>
          </reporter-output>
        </test-method> <!-- verifySuccessfullLogin -->
        <test-method is-config="true" signature="afterMethod()[pri:0, instance:testClasses.LoginPageTestClass@6736fa8d]" started-at="2024-12-26T19:18:00 IST" name="afterMethod" finished-at="2024-12-26T19:18:00 IST" duration-ms="688" status="PASS">
          <reporter-output>
          </reporter-output>
        </test-method> <!-- afterMethod -->
      </class> <!-- testClasses.LoginPageTestClass -->
      <class name="testClasses.ManageUsersPageTestClass">
        <test-method is-config="true" signature="beforeMethod()[pri:0, instance:testClasses.ManageUsersPageTestClass@5e21e98f]" started-at="2024-12-26T19:16:42 IST" name="beforeMethod" finished-at="2024-12-26T19:16:53 IST" duration-ms="10836" status="PASS">
          <reporter-output>
          </reporter-output>
        </test-method> <!-- beforeMethod -->
        <test-method signature="verifyToAdd_aNewUser()[pri:0, instance:testClasses.ManageUsersPageTestClass@5e21e98f]" started-at="2024-12-26T19:16:53 IST" name="verifyToAdd_aNewUser" finished-at="2024-12-26T19:17:05 IST" duration-ms="12151" status="PASS">
          <reporter-output>
          </reporter-output>
        </test-method> <!-- verifyToAdd_aNewUser -->
        <test-method is-config="true" signature="afterMethod()[pri:0, instance:testClasses.ManageUsersPageTestClass@5e21e98f]" started-at="2024-12-26T19:17:05 IST" name="afterMethod" finished-at="2024-12-26T19:17:06 IST" duration-ms="544" status="PASS">
          <reporter-output>
          </reporter-output>
        </test-method> <!-- afterMethod -->
      </class> <!-- testClasses.ManageUsersPageTestClass -->
    </test> <!-- Test -->
  </suite> <!-- Suite -->
</testng-results>
