<?xml version="1.0" encoding="UTF-8"?>
<!-- Generated by org.testng.reporters.JUnitXMLReporter -->
<testsuite ignored="1" hostname="DESKTOP-CST3LUL" failures="0" tests="1" name="Default test" time="16.941" errors="0" timestamp="2024-12-23T16:53:42 IST">
  <testcase classname="testClasses.ManageUsersPageTestClass" name="verifyToAdd_aNewUser" time="11.085"/>
  <testcase classname="testClasses.ManageUsersPageTestClass" name="verifyTheManageUsersPageIsOpenWhileClickingOnUsers" time="0.0">
    <ignored/>
  </testcase> <!-- verifyTheManageUsersPageIsOpenWhileClickingOnUsers -->
</testsuite> <!-- Default test -->
